#-----------------------------------------------------------
# Vivado v2019.2 (64-bit)
# SW Build 2708876 on Wed Nov  6 21:40:23 MST 2019
# IP Build 2700528 on Thu Nov  7 00:09:20 MST 2019
# Start of session at: Sat Apr 10 19:44:52 2021
# Process ID: 21836
# Current directory: C:/Users/Richie Lee/Desktop/College/1 San Jose State University/8 2021 Spring Semester/CMPE140/1LAB hello/lab8/lab8_week4/lab8_week4
# Command line: vivado.exe -gui_launcher_event rodinguilauncherevent3056 C:\Users\Richie Lee\Desktop\College\1 San Jose State University\8 2021 Spring Semester\CMPE140\1LAB hello\lab8\lab8_week4\lab8_week4\lab8_week4.xpr
# Log file: C:/Users/Richie Lee/Desktop/College/1 San Jose State University/8 2021 Spring Semester/CMPE140/1LAB hello/lab8/lab8_week4/lab8_week4/vivado.log
# Journal file: C:/Users/Richie Lee/Desktop/College/1 San Jose State University/8 2021 Spring Semester/CMPE140/1LAB hello/lab8/lab8_week4/lab8_week4\vivado.jou
#-----------------------------------------------------------
start_gui
open_project {C:/Users/Richie Lee/Desktop/College/1 San Jose State University/8 2021 Spring Semester/CMPE140/1LAB hello/lab8/lab8_week4/lab8_week4/lab8_week4.xpr}
INFO: [ProjectBase 1-489] The host OS only allows 260 characters in a normal path. The project is stored in a path with more than 80 characters. If you experience issues with IP, Block Designs, or files not being found, please consider moving the project to a location with a shorter path. Alternately consider using the OS subst command to map part of the path to a drive letter.
Current project path is 'C:/Users/Richie Lee/Desktop/College/1 San Jose State University/8 2021 Spring Semester/CMPE140/1LAB hello/lab8/lab8_week4/lab8_week4'
CRITICAL WARNING: [Project 1-19] Could not find the file 'C:/Users/Richie Lee/Desktop/College/1 San Jose State University/8 2021 Spring Semester/CMPE140/1LAB hello/lab8/lab8_week4/lab8_week4/lab8_week4.srcs/sources_1/imports/lab8_week3.srcs/sources_1/imports/PATCHED_MIPS_single_cycle/single_cycle_mips_source_initial/datapath/adder.v'.
CRITICAL WARNING: [Project 1-19] Could not find the file 'C:/Users/Richie Lee/Desktop/College/1 San Jose State University/8 2021 Spring Semester/CMPE140/1LAB hello/lab8/lab8_week4/lab8_week4/lab8_week4.srcs/sources_1/imports/lab8_week3.srcs/sources_1/imports/PATCHED_MIPS_single_cycle/single_cycle_mips_source_initial/datapath/alu.v'.
CRITICAL WARNING: [Project 1-19] Could not find the file 'C:/Users/Richie Lee/Desktop/College/1 San Jose State University/8 2021 Spring Semester/CMPE140/1LAB hello/lab8/lab8_week4/lab8_week4/lab8_week4.srcs/sources_1/imports/lab8_week3.srcs/sources_1/imports/PATCHED_MIPS_single_cycle/single_cycle_mips_source_initial/control_unit/auxdec.v'.
CRITICAL WARNING: [Project 1-19] Could not find the file 'C:/Users/Richie Lee/Desktop/College/1 San Jose State University/8 2021 Spring Semester/CMPE140/1LAB hello/lab8/lab8_week4/lab8_week4/lab8_week4.srcs/sources_1/imports/lab8_week3.srcs/sources_1/imports/PATCHED_MIPS_single_cycle/validation_wrapper/button_debouncer.v'.
CRITICAL WARNING: [Project 1-19] Could not find the file 'C:/Users/Richie Lee/Desktop/College/1 San Jose State University/8 2021 Spring Semester/CMPE140/1LAB hello/lab8/lab8_week4/lab8_week4/lab8_week4.srcs/sources_1/imports/lab8_week3.srcs/sources_1/imports/PATCHED_MIPS_single_cycle/single_cycle_mips_source_initial/control_unit/controlunit.v'.
CRITICAL WARNING: [Project 1-19] Could not find the file 'C:/Users/Richie Lee/Desktop/College/1 San Jose State University/8 2021 Spring Semester/CMPE140/1LAB hello/lab8/lab8_week4/lab8_week4/lab8_week4.srcs/sources_1/imports/lab8_week3.srcs/sources_1/imports/PATCHED_MIPS_single_cycle/single_cycle_mips_source_initial/datapath/datapath.v'.
CRITICAL WARNING: [Project 1-19] Could not find the file 'C:/Users/Richie Lee/Desktop/College/1 San Jose State University/8 2021 Spring Semester/CMPE140/1LAB hello/lab8/lab8_week4/lab8_week4/lab8_week4.srcs/sources_1/imports/lab8_week3.srcs/sources_1/imports/PATCHED_MIPS_single_cycle/single_cycle_mips_source_initial/memory/dmem.v'.
CRITICAL WARNING: [Project 1-19] Could not find the file 'C:/Users/Richie Lee/Desktop/College/1 San Jose State University/8 2021 Spring Semester/CMPE140/1LAB hello/lab8/lab8_week4/lab8_week4/lab8_week4.srcs/sources_1/imports/lab8_week3.srcs/sources_1/imports/PATCHED_MIPS_single_cycle/single_cycle_mips_source_initial/datapath/dreg.v'.
CRITICAL WARNING: [Project 1-19] Could not find the file 'C:/Users/Richie Lee/Desktop/College/1 San Jose State University/8 2021 Spring Semester/CMPE140/1LAB hello/lab8/lab8_week4/lab8_week4/lab8_week4.srcs/sources_1/imports/lab8_week3.srcs/sources_1/imports/PATCHED_MIPS_single_cycle/single_cycle_mips_source_initial/memory/imem.v'.
CRITICAL WARNING: [Project 1-19] Could not find the file 'C:/Users/Richie Lee/Desktop/College/1 San Jose State University/8 2021 Spring Semester/CMPE140/1LAB hello/lab8/lab8_week4/lab8_week4/lab8_week4.srcs/sources_1/imports/lab8_week3.srcs/sources_1/imports/PATCHED_MIPS_single_cycle/single_cycle_mips_source_initial/control_unit/maindec.v'.
CRITICAL WARNING: [Project 1-19] Could not find the file 'C:/Users/Richie Lee/Desktop/College/1 San Jose State University/8 2021 Spring Semester/CMPE140/1LAB hello/lab8/lab8_week4/lab8_week4/lab8_week4.srcs/sources_1/imports/lab8_week3.srcs/sources_1/imports/PATCHED_MIPS_single_cycle/single_cycle_mips_source_initial/mips/mips.v'.
CRITICAL WARNING: [Project 1-19] Could not find the file 'C:/Users/Richie Lee/Desktop/College/1 San Jose State University/8 2021 Spring Semester/CMPE140/1LAB hello/lab8/lab8_week4/lab8_week4/lab8_week4.srcs/sources_1/imports/lab8_week3.srcs/sources_1/imports/PATCHED_MIPS_single_cycle/single_cycle_mips_source_initial/mips/mips_top.v'.
CRITICAL WARNING: [Project 1-19] Could not find the file 'C:/Users/Richie Lee/Desktop/College/1 San Jose State University/8 2021 Spring Semester/CMPE140/1LAB hello/lab8/lab8_week4/lab8_week4/lab8_week4.srcs/sources_1/imports/lab8_week3.srcs/sources_1/imports/PATCHED_MIPS_single_cycle/single_cycle_mips_source_initial/datapath/mux2.v'.
CRITICAL WARNING: [Project 1-19] Could not find the file 'C:/Users/Richie Lee/Desktop/College/1 San Jose State University/8 2021 Spring Semester/CMPE140/1LAB hello/lab8/lab8_week4/lab8_week4/lab8_week4.srcs/sources_1/imports/lab8_week3.srcs/sources_1/imports/PATCHED_MIPS_single_cycle/single_cycle_mips_source_initial/datapath/regfile.v'.
CRITICAL WARNING: [Project 1-19] Could not find the file 'C:/Users/Richie Lee/Desktop/College/1 San Jose State University/8 2021 Spring Semester/CMPE140/1LAB hello/lab8/lab8_week4/lab8_week4/lab8_week4.srcs/sources_1/imports/lab8_week3.srcs/sources_1/imports/PATCHED_MIPS_single_cycle/single_cycle_mips_source_initial/datapath/signext.v'.
Scanning sources...
Finished scanning sources
INFO: [IP_Flow 19-234] Refreshing IP repositories
INFO: [IP_Flow 19-1704] No user IP repositories specified
INFO: [IP_Flow 19-2313] Loaded Vivado IP repository 'D:/Xilinx/Vivado/2019.2/data/ip'.
update_compile_order -fileset sources_1
exit
INFO: [Common 17-206] Exiting Vivado at Sat Apr 10 19:45:50 2021...
