Vivado Simulator 2018.3
Copyright 1986-1999, 2001-2018 Xilinx, Inc. All Rights Reserved.
Running: C:/Xilinx/Vivado/2018.3/bin/unwrapped/win64.o/xelab.exe -wto c2bfa59e3a2b476caca2d88ee1e4325d --incr --debug typical --relax --mt 2 -L xil_defaultlib -L unisims_ver -L unimacro_ver -L secureip --snapshot tb_mips_top_behav xil_defaultlib.tb_mips_top xil_defaultlib.glbl -log elaborate.log 
Using 2 slave threads.
Starting static elaboration
Completed static elaboration
Starting simulation data flow analysis
Completed simulation data flow analysis
Time Resolution for simulation is 1ps
Compiling module xil_defaultlib.imem
Compiling module xil_defaultlib.dreg
Compiling module xil_defaultlib.adder
Compiling module xil_defaultlib.mux2(WIDTH=32)
Compiling module xil_defaultlib.mux2(WIDTH=5)
Compiling module xil_defaultlib.MUL_op
Compiling module xil_defaultlib.IF_to_ID_stage
Compiling module xil_defaultlib.regfile
Compiling module xil_defaultlib.ID_to_EXE_stage
Compiling module xil_defaultlib.signext
Compiling module xil_defaultlib.alu
Compiling module xil_defaultlib.EXE_to_MEM_stage
Compiling module xil_defaultlib.MEM_to_WB_stage
Compiling module xil_defaultlib.datapath
Compiling module xil_defaultlib.maindec
Compiling module xil_defaultlib.auxdec
Compiling module xil_defaultlib.controlunit
Compiling module xil_defaultlib.mips
Compiling module xil_defaultlib.ad_top
Compiling module xil_defaultlib.dmem
Compiling module xil_defaultlib.fact_ad
Compiling module xil_defaultlib.fact_reg(w=4)
Compiling module xil_defaultlib.fact_reg(w=1)
Compiling module xil_defaultlib.CU
Compiling module xil_defaultlib.MUX
Compiling module xil_defaultlib.CNT
Compiling module xil_defaultlib.REG
Compiling module xil_defaultlib.CMP
Compiling module xil_defaultlib.MUL
Compiling module xil_defaultlib.Buffer
Compiling module xil_defaultlib.DP
Compiling module xil_defaultlib.Accelerator
Compiling module xil_defaultlib.fact_reg
Compiling module xil_defaultlib.four2one_mux_fact
Compiling module xil_defaultlib.fact_top
Compiling module xil_defaultlib.gpio_ad
Compiling module xil_defaultlib.mips_top_4_to_1_mux
Compiling module xil_defaultlib.gpio_top
Compiling module xil_defaultlib.mips_top
Compiling module xil_defaultlib.tb_mips_top
Compiling module xil_defaultlib.glbl
Built simulation snapshot tb_mips_top_behav
